Performing C++ SOURCE FILE Test COMPILER_SUPPORT_Wshorten64to32 failed with the following output:
Change Dir: /home/tapgar/eigen/build/CMakeFiles/CMakeTmp

Run Build Command:"/usr/bin/make" "cmTC_cc960/fast"
/usr/bin/make -f CMakeFiles/cmTC_cc960.dir/build.make CMakeFiles/cmTC_cc960.dir/build
make[1]: Entering directory '/home/tapgar/eigen/build/CMakeFiles/CMakeTmp'
Building CXX object CMakeFiles/cmTC_cc960.dir/src.cxx.o
/usr/bin/c++     -pedantic -Wall -Wextra -Wundef -Wcast-align -Wchar-subscripts -Wnon-virtual-dtor -Wunused-local-typedefs -Wpointer-arith -Wwrite-strings -Wformat-security -DCOMPILER_SUPPORT_Wshorten64to32 -Werror   -Wshorten-64-to-32 -o CMakeFiles/cmTC_cc960.dir/src.cxx.o -c /home/tapgar/eigen/build/CMakeFiles/CMakeTmp/src.cxx
c++: error: unrecognized command line option '-Wshorten-64-to-32'
CMakeFiles/cmTC_cc960.dir/build.make:65: recipe for target 'CMakeFiles/cmTC_cc960.dir/src.cxx.o' failed
make[1]: *** [CMakeFiles/cmTC_cc960.dir/src.cxx.o] Error 1
make[1]: Leaving directory '/home/tapgar/eigen/build/CMakeFiles/CMakeTmp'
Makefile:126: recipe for target 'cmTC_cc960/fast' failed
make: *** [cmTC_cc960/fast] Error 2

Source file was:
int main() { return 0; }
Performing C++ SOURCE FILE Test COMPILER_SUPPORT_Wenumconversion failed with the following output:
Change Dir: /home/tapgar/eigen/build/CMakeFiles/CMakeTmp

Run Build Command:"/usr/bin/make" "cmTC_980d4/fast"
/usr/bin/make -f CMakeFiles/cmTC_980d4.dir/build.make CMakeFiles/cmTC_980d4.dir/build
make[1]: Entering directory '/home/tapgar/eigen/build/CMakeFiles/CMakeTmp'
Building CXX object CMakeFiles/cmTC_980d4.dir/src.cxx.o
/usr/bin/c++     -pedantic -Wall -Wextra -Wundef -Wcast-align -Wchar-subscripts -Wnon-virtual-dtor -Wunused-local-typedefs -Wpointer-arith -Wwrite-strings -Wformat-security -Wlogical-op -DCOMPILER_SUPPORT_Wenumconversion -Werror   -Wenum-conversion -o CMakeFiles/cmTC_980d4.dir/src.cxx.o -c /home/tapgar/eigen/build/CMakeFiles/CMakeTmp/src.cxx
c++: error: unrecognized command line option '-Wenum-conversion'
CMakeFiles/cmTC_980d4.dir/build.make:65: recipe for target 'CMakeFiles/cmTC_980d4.dir/src.cxx.o' failed
make[1]: *** [CMakeFiles/cmTC_980d4.dir/src.cxx.o] Error 1
make[1]: Leaving directory '/home/tapgar/eigen/build/CMakeFiles/CMakeTmp'
Makefile:126: recipe for target 'cmTC_980d4/fast' failed
make: *** [cmTC_980d4/fast] Error 2

Source file was:
int main() { return 0; }
Performing C++ SOURCE FILE Test COMPILER_SUPPORT_Wcpp11extensions failed with the following output:
Change Dir: /home/tapgar/eigen/build/CMakeFiles/CMakeTmp

Run Build Command:"/usr/bin/make" "cmTC_dc079/fast"
/usr/bin/make -f CMakeFiles/cmTC_dc079.dir/build.make CMakeFiles/cmTC_dc079.dir/build
make[1]: Entering directory '/home/tapgar/eigen/build/CMakeFiles/CMakeTmp'
Building CXX object CMakeFiles/cmTC_dc079.dir/src.cxx.o
/usr/bin/c++     -pedantic -Wall -Wextra -Wundef -Wcast-align -Wchar-subscripts -Wnon-virtual-dtor -Wunused-local-typedefs -Wpointer-arith -Wwrite-strings -Wformat-security -Wlogical-op -DCOMPILER_SUPPORT_Wcpp11extensions -Werror   -Wc++11-extensions -o CMakeFiles/cmTC_dc079.dir/src.cxx.o -c /home/tapgar/eigen/build/CMakeFiles/CMakeTmp/src.cxx
c++: error: unrecognized command line option '-Wc++11-extensions'
CMakeFiles/cmTC_dc079.dir/build.make:65: recipe for target 'CMakeFiles/cmTC_dc079.dir/src.cxx.o' failed
make[1]: *** [CMakeFiles/cmTC_dc079.dir/src.cxx.o] Error 1
make[1]: Leaving directory '/home/tapgar/eigen/build/CMakeFiles/CMakeTmp'
Makefile:126: recipe for target 'cmTC_dc079/fast' failed
make: *** [cmTC_dc079/fast] Error 2

Source file was:
int main() { return 0; }
Performing C++ SOURCE FILE Test COMPILER_SUPPORT_wd981 failed with the following output:
Change Dir: /home/tapgar/eigen/build/CMakeFiles/CMakeTmp

Run Build Command:"/usr/bin/make" "cmTC_ad944/fast"
/usr/bin/make -f CMakeFiles/cmTC_ad944.dir/build.make CMakeFiles/cmTC_ad944.dir/build
make[1]: Entering directory '/home/tapgar/eigen/build/CMakeFiles/CMakeTmp'
Building CXX object CMakeFiles/cmTC_ad944.dir/src.cxx.o
/usr/bin/c++     -pedantic -Wall -Wextra -Wundef -Wcast-align -Wchar-subscripts -Wnon-virtual-dtor -Wunused-local-typedefs -Wpointer-arith -Wwrite-strings -Wformat-security -Wlogical-op -Wdouble-promotion -Wno-psabi -Wno-variadic-macros -Wno-long-long -fno-check-new -fno-common -fstrict-aliasing -DCOMPILER_SUPPORT_wd981 -Werror   -wd981 -o CMakeFiles/cmTC_ad944.dir/src.cxx.o -c /home/tapgar/eigen/build/CMakeFiles/CMakeTmp/src.cxx
c++: error: unrecognized command line option '-wd981'
CMakeFiles/cmTC_ad944.dir/build.make:65: recipe for target 'CMakeFiles/cmTC_ad944.dir/src.cxx.o' failed
make[1]: *** [CMakeFiles/cmTC_ad944.dir/src.cxx.o] Error 1
make[1]: Leaving directory '/home/tapgar/eigen/build/CMakeFiles/CMakeTmp'
Makefile:126: recipe for target 'cmTC_ad944/fast' failed
make: *** [cmTC_ad944/fast] Error 2

Source file was:
int main() { return 0; }
Performing C++ SOURCE FILE Test COMPILER_SUPPORT_wd2304 failed with the following output:
Change Dir: /home/tapgar/eigen/build/CMakeFiles/CMakeTmp

Run Build Command:"/usr/bin/make" "cmTC_ab1f3/fast"
/usr/bin/make -f CMakeFiles/cmTC_ab1f3.dir/build.make CMakeFiles/cmTC_ab1f3.dir/build
make[1]: Entering directory '/home/tapgar/eigen/build/CMakeFiles/CMakeTmp'
Building CXX object CMakeFiles/cmTC_ab1f3.dir/src.cxx.o
/usr/bin/c++     -pedantic -Wall -Wextra -Wundef -Wcast-align -Wchar-subscripts -Wnon-virtual-dtor -Wunused-local-typedefs -Wpointer-arith -Wwrite-strings -Wformat-security -Wlogical-op -Wdouble-promotion -Wno-psabi -Wno-variadic-macros -Wno-long-long -fno-check-new -fno-common -fstrict-aliasing -DCOMPILER_SUPPORT_wd2304 -Werror   -wd2304 -o CMakeFiles/cmTC_ab1f3.dir/src.cxx.o -c /home/tapgar/eigen/build/CMakeFiles/CMakeTmp/src.cxx
c++: error: unrecognized command line option '-wd2304'
CMakeFiles/cmTC_ab1f3.dir/build.make:65: recipe for target 'CMakeFiles/cmTC_ab1f3.dir/src.cxx.o' failed
make[1]: *** [CMakeFiles/cmTC_ab1f3.dir/src.cxx.o] Error 1
make[1]: Leaving directory '/home/tapgar/eigen/build/CMakeFiles/CMakeTmp'
Makefile:126: recipe for target 'cmTC_ab1f3/fast' failed
make: *** [cmTC_ab1f3/fast] Error 2

Source file was:
int main() { return 0; }
Performing C++ SOURCE FILE Test COMPILER_SUPPORT_STRICTANSI failed with the following output:
Change Dir: /home/tapgar/eigen/build/CMakeFiles/CMakeTmp

Run Build Command:"/usr/bin/make" "cmTC_453fe/fast"
/usr/bin/make -f CMakeFiles/cmTC_453fe.dir/build.make CMakeFiles/cmTC_453fe.dir/build
make[1]: Entering directory '/home/tapgar/eigen/build/CMakeFiles/CMakeTmp'
Building CXX object CMakeFiles/cmTC_453fe.dir/src.cxx.o
/usr/bin/c++     -pedantic -Wall -Wextra -Wundef -Wcast-align -Wchar-subscripts -Wnon-virtual-dtor -Wunused-local-typedefs -Wpointer-arith -Wwrite-strings -Wformat-security -Wlogical-op -Wdouble-promotion -Wno-psabi -Wno-variadic-macros -Wno-long-long -fno-check-new -fno-common -fstrict-aliasing -DCOMPILER_SUPPORT_STRICTANSI -Werror   -strict-ansi -o CMakeFiles/cmTC_453fe.dir/src.cxx.o -c /home/tapgar/eigen/build/CMakeFiles/CMakeTmp/src.cxx
c++: error: unrecognized command line option '-strict-ansi'
CMakeFiles/cmTC_453fe.dir/build.make:65: recipe for target 'CMakeFiles/cmTC_453fe.dir/src.cxx.o' failed
make[1]: *** [CMakeFiles/cmTC_453fe.dir/src.cxx.o] Error 1
make[1]: Leaving directory '/home/tapgar/eigen/build/CMakeFiles/CMakeTmp'
Makefile:126: recipe for target 'cmTC_453fe/fast' failed
make: *** [cmTC_453fe/fast] Error 2

Source file was:
int main() { return 0; }
Performing C++ SOURCE FILE Test COMPILER_SUPPORT_Qunusedarguments failed with the following output:
Change Dir: /home/tapgar/eigen/build/CMakeFiles/CMakeTmp

Run Build Command:"/usr/bin/make" "cmTC_113b6/fast"
/usr/bin/make -f CMakeFiles/cmTC_113b6.dir/build.make CMakeFiles/cmTC_113b6.dir/build
make[1]: Entering directory '/home/tapgar/eigen/build/CMakeFiles/CMakeTmp'
Building CXX object CMakeFiles/cmTC_113b6.dir/src.cxx.o
/usr/bin/c++     -pedantic -Wall -Wextra -Wundef -Wcast-align -Wchar-subscripts -Wnon-virtual-dtor -Wunused-local-typedefs -Wpointer-arith -Wwrite-strings -Wformat-security -Wlogical-op -Wdouble-promotion -Wno-psabi -Wno-variadic-macros -Wno-long-long -fno-check-new -fno-common -fstrict-aliasing -DCOMPILER_SUPPORT_Qunusedarguments -Werror   -Qunused-arguments -o CMakeFiles/cmTC_113b6.dir/src.cxx.o -c /home/tapgar/eigen/build/CMakeFiles/CMakeTmp/src.cxx
c++: error: unrecognized command line option '-Qunused-arguments'
CMakeFiles/cmTC_113b6.dir/build.make:65: recipe for target 'CMakeFiles/cmTC_113b6.dir/src.cxx.o' failed
make[1]: *** [CMakeFiles/cmTC_113b6.dir/src.cxx.o] Error 1
make[1]: Leaving directory '/home/tapgar/eigen/build/CMakeFiles/CMakeTmp'
Makefile:126: recipe for target 'cmTC_113b6/fast' failed
make: *** [cmTC_113b6/fast] Error 2

Source file was:
int main() { return 0; }
Determining if the Q_WS_WIN exist failed with the following output:
Change Dir: /home/tapgar/eigen/build/CMakeFiles/CMakeTmp

Run Build Command:"/usr/bin/make" "cmTC_f0ce3/fast"
/usr/bin/make -f CMakeFiles/cmTC_f0ce3.dir/build.make CMakeFiles/cmTC_f0ce3.dir/build
make[1]: Entering directory '/home/tapgar/eigen/build/CMakeFiles/CMakeTmp'
Building CXX object CMakeFiles/cmTC_f0ce3.dir/CheckSymbolExists.cxx.o
/usr/bin/c++    -I/usr/include/qt4  -pedantic -Wall -Wextra -Wundef -Wcast-align -Wchar-subscripts -Wnon-virtual-dtor -Wunused-local-typedefs -Wpointer-arith -Wwrite-strings -Wformat-security -Wlogical-op -Wdouble-promotion -Wno-psabi -Wno-variadic-macros -Wno-long-long -fno-check-new -fno-common -fstrict-aliasing -ansi -O1 -g1    -o CMakeFiles/cmTC_f0ce3.dir/CheckSymbolExists.cxx.o -c /home/tapgar/eigen/build/CMakeFiles/CMakeTmp/CheckSymbolExists.cxx
/home/tapgar/eigen/build/CMakeFiles/CMakeTmp/CheckSymbolExists.cxx: In function ‘int main(int, char**)’:
/home/tapgar/eigen/build/CMakeFiles/CMakeTmp/CheckSymbolExists.cxx:8:19: error: ‘Q_WS_WIN’ was not declared in this scope
   return ((int*)(&Q_WS_WIN))[argc];
                   ^
CMakeFiles/cmTC_f0ce3.dir/build.make:65: recipe for target 'CMakeFiles/cmTC_f0ce3.dir/CheckSymbolExists.cxx.o' failed
make[1]: *** [CMakeFiles/cmTC_f0ce3.dir/CheckSymbolExists.cxx.o] Error 1
make[1]: Leaving directory '/home/tapgar/eigen/build/CMakeFiles/CMakeTmp'
Makefile:126: recipe for target 'cmTC_f0ce3/fast' failed
make: *** [cmTC_f0ce3/fast] Error 2

File /home/tapgar/eigen/build/CMakeFiles/CMakeTmp/CheckSymbolExists.cxx:
/* */
#include <QtCore/qglobal.h>

int main(int argc, char** argv)
{
  (void)argv;
#ifndef Q_WS_WIN
  return ((int*)(&Q_WS_WIN))[argc];
#else
  (void)argc;
  return 0;
#endif
}

Determining if the Q_WS_QWS exist failed with the following output:
Change Dir: /home/tapgar/eigen/build/CMakeFiles/CMakeTmp

Run Build Command:"/usr/bin/make" "cmTC_3b91c/fast"
/usr/bin/make -f CMakeFiles/cmTC_3b91c.dir/build.make CMakeFiles/cmTC_3b91c.dir/build
make[1]: Entering directory '/home/tapgar/eigen/build/CMakeFiles/CMakeTmp'
Building CXX object CMakeFiles/cmTC_3b91c.dir/CheckSymbolExists.cxx.o
/usr/bin/c++    -I/usr/include/qt4  -pedantic -Wall -Wextra -Wundef -Wcast-align -Wchar-subscripts -Wnon-virtual-dtor -Wunused-local-typedefs -Wpointer-arith -Wwrite-strings -Wformat-security -Wlogical-op -Wdouble-promotion -Wno-psabi -Wno-variadic-macros -Wno-long-long -fno-check-new -fno-common -fstrict-aliasing -ansi -O1 -g1    -o CMakeFiles/cmTC_3b91c.dir/CheckSymbolExists.cxx.o -c /home/tapgar/eigen/build/CMakeFiles/CMakeTmp/CheckSymbolExists.cxx
/home/tapgar/eigen/build/CMakeFiles/CMakeTmp/CheckSymbolExists.cxx: In function ‘int main(int, char**)’:
/home/tapgar/eigen/build/CMakeFiles/CMakeTmp/CheckSymbolExists.cxx:8:19: error: ‘Q_WS_QWS’ was not declared in this scope
   return ((int*)(&Q_WS_QWS))[argc];
                   ^
CMakeFiles/cmTC_3b91c.dir/build.make:65: recipe for target 'CMakeFiles/cmTC_3b91c.dir/CheckSymbolExists.cxx.o' failed
make[1]: *** [CMakeFiles/cmTC_3b91c.dir/CheckSymbolExists.cxx.o] Error 1
make[1]: Leaving directory '/home/tapgar/eigen/build/CMakeFiles/CMakeTmp'
Makefile:126: recipe for target 'cmTC_3b91c/fast' failed
make: *** [cmTC_3b91c/fast] Error 2

File /home/tapgar/eigen/build/CMakeFiles/CMakeTmp/CheckSymbolExists.cxx:
/* */
#include <QtCore/qglobal.h>

int main(int argc, char** argv)
{
  (void)argv;
#ifndef Q_WS_QWS
  return ((int*)(&Q_WS_QWS))[argc];
#else
  (void)argc;
  return 0;
#endif
}

Determining if the Q_WS_MAC exist failed with the following output:
Change Dir: /home/tapgar/eigen/build/CMakeFiles/CMakeTmp

Run Build Command:"/usr/bin/make" "cmTC_e4f0c/fast"
/usr/bin/make -f CMakeFiles/cmTC_e4f0c.dir/build.make CMakeFiles/cmTC_e4f0c.dir/build
make[1]: Entering directory '/home/tapgar/eigen/build/CMakeFiles/CMakeTmp'
Building CXX object CMakeFiles/cmTC_e4f0c.dir/CheckSymbolExists.cxx.o
/usr/bin/c++    -I/usr/include/qt4  -pedantic -Wall -Wextra -Wundef -Wcast-align -Wchar-subscripts -Wnon-virtual-dtor -Wunused-local-typedefs -Wpointer-arith -Wwrite-strings -Wformat-security -Wlogical-op -Wdouble-promotion -Wno-psabi -Wno-variadic-macros -Wno-long-long -fno-check-new -fno-common -fstrict-aliasing -ansi -O1 -g1    -o CMakeFiles/cmTC_e4f0c.dir/CheckSymbolExists.cxx.o -c /home/tapgar/eigen/build/CMakeFiles/CMakeTmp/CheckSymbolExists.cxx
/home/tapgar/eigen/build/CMakeFiles/CMakeTmp/CheckSymbolExists.cxx: In function ‘int main(int, char**)’:
/home/tapgar/eigen/build/CMakeFiles/CMakeTmp/CheckSymbolExists.cxx:8:19: error: ‘Q_WS_MAC’ was not declared in this scope
   return ((int*)(&Q_WS_MAC))[argc];
                   ^
CMakeFiles/cmTC_e4f0c.dir/build.make:65: recipe for target 'CMakeFiles/cmTC_e4f0c.dir/CheckSymbolExists.cxx.o' failed
make[1]: *** [CMakeFiles/cmTC_e4f0c.dir/CheckSymbolExists.cxx.o] Error 1
make[1]: Leaving directory '/home/tapgar/eigen/build/CMakeFiles/CMakeTmp'
Makefile:126: recipe for target 'cmTC_e4f0c/fast' failed
make: *** [cmTC_e4f0c/fast] Error 2

File /home/tapgar/eigen/build/CMakeFiles/CMakeTmp/CheckSymbolExists.cxx:
/* */
#include <QtCore/qglobal.h>

int main(int argc, char** argv)
{
  (void)argv;
#ifndef Q_WS_MAC
  return ((int*)(&Q_WS_MAC))[argc];
#else
  (void)argc;
  return 0;
#endif
}

Determining if the pthread_create exist failed with the following output:
Change Dir: /home/tapgar/eigen/build/CMakeFiles/CMakeTmp

Run Build Command:"/usr/bin/make" "cmTC_a86c3/fast"
/usr/bin/make -f CMakeFiles/cmTC_a86c3.dir/build.make CMakeFiles/cmTC_a86c3.dir/build
make[1]: Entering directory '/home/tapgar/eigen/build/CMakeFiles/CMakeTmp'
Building C object CMakeFiles/cmTC_a86c3.dir/CheckSymbolExists.c.o
/usr/bin/cc     -o CMakeFiles/cmTC_a86c3.dir/CheckSymbolExists.c.o   -c /home/tapgar/eigen/build/CMakeFiles/CMakeTmp/CheckSymbolExists.c
Linking C executable cmTC_a86c3
/usr/bin/cmake -E cmake_link_script CMakeFiles/cmTC_a86c3.dir/link.txt --verbose=1
/usr/bin/cc       CMakeFiles/cmTC_a86c3.dir/CheckSymbolExists.c.o  -o cmTC_a86c3 -rdynamic 
CMakeFiles/cmTC_a86c3.dir/CheckSymbolExists.c.o: In function `main':
CheckSymbolExists.c:(.text+0x16): undefined reference to `pthread_create'
collect2: error: ld returned 1 exit status
CMakeFiles/cmTC_a86c3.dir/build.make:97: recipe for target 'cmTC_a86c3' failed
make[1]: *** [cmTC_a86c3] Error 1
make[1]: Leaving directory '/home/tapgar/eigen/build/CMakeFiles/CMakeTmp'
Makefile:126: recipe for target 'cmTC_a86c3/fast' failed
make: *** [cmTC_a86c3/fast] Error 2

File /home/tapgar/eigen/build/CMakeFiles/CMakeTmp/CheckSymbolExists.c:
/* */
#include <pthread.h>

int main(int argc, char** argv)
{
  (void)argv;
#ifndef pthread_create
  return ((int*)(&pthread_create))[argc];
#else
  (void)argc;
  return 0;
#endif
}

Determining if the function pthread_create exists in the pthreads failed with the following output:
Change Dir: /home/tapgar/eigen/build/CMakeFiles/CMakeTmp

Run Build Command:"/usr/bin/make" "cmTC_f240b/fast"
/usr/bin/make -f CMakeFiles/cmTC_f240b.dir/build.make CMakeFiles/cmTC_f240b.dir/build
make[1]: Entering directory '/home/tapgar/eigen/build/CMakeFiles/CMakeTmp'
Building C object CMakeFiles/cmTC_f240b.dir/CheckFunctionExists.c.o
/usr/bin/cc    -DCHECK_FUNCTION_EXISTS=pthread_create   -o CMakeFiles/cmTC_f240b.dir/CheckFunctionExists.c.o   -c /usr/share/cmake-3.5/Modules/CheckFunctionExists.c
Linking C executable cmTC_f240b
/usr/bin/cmake -E cmake_link_script CMakeFiles/cmTC_f240b.dir/link.txt --verbose=1
/usr/bin/cc   -DCHECK_FUNCTION_EXISTS=pthread_create    CMakeFiles/cmTC_f240b.dir/CheckFunctionExists.c.o  -o cmTC_f240b -rdynamic -lpthreads 
/usr/bin/ld: cannot find -lpthreads
collect2: error: ld returned 1 exit status
CMakeFiles/cmTC_f240b.dir/build.make:97: recipe for target 'cmTC_f240b' failed
make[1]: *** [cmTC_f240b] Error 1
make[1]: Leaving directory '/home/tapgar/eigen/build/CMakeFiles/CMakeTmp'
Makefile:126: recipe for target 'cmTC_f240b/fast' failed
make: *** [cmTC_f240b/fast] Error 2


